44 INFO: PyInstaller: 6.20.0, contrib hooks: 2026.5
44 INFO: Python: 3.14.4
45 INFO: Platform: Linux-7.0.3-1-cachyos-x86_64-with-glibc2.43
45 INFO: Python environment: /usr
45 INFO: wrote ./build/.pyinstaller_spec/MonkeyLauncher.spec
46 INFO: Removing temporary files and cleaning cache in /home/saru/.cache/pyinstaller
47 INFO: Module search paths (PYTHONPATH):
['/usr/lib/python314.zip',
 '/usr/lib/python3.14',
 '/usr/lib/python3.14/lib-dynload',
 '/usr/lib/python3.14/site-packages',
 '/home/saru/mklncher/.resources']
224 INFO: checking Analysis
224 INFO: Building Analysis because Analysis-00.toc is non existent
224 INFO: Looking for Python shared library...
228 INFO: Using Python shared library: /usr/lib/libpython3.14.so.1.0
228 INFO: Running Analysis Analysis-00.toc
228 INFO: Target bytecode optimization level: 0
228 INFO: Initializing module dependency graph...
228 INFO: Initializing module graph hook caches...
235 INFO: Analyzing modules for base_library.zip ...
931 INFO: Processing standard module hook 'hook-heapq.py' from '/usr/lib/python3.14/site-packages/PyInstaller/hooks'
1217 INFO: Processing standard module hook 'hook-encodings.py' from '/usr/lib/python3.14/site-packages/PyInstaller/hooks'
2774 INFO: Processing standard module hook 'hook-difflib.py' from '/usr/lib/python3.14/site-packages/PyInstaller/hooks'
2863 INFO: Processing standard module hook 'hook-pickle.py' from '/usr/lib/python3.14/site-packages/PyInstaller/hooks'
4345 INFO: Caching module dependency graph...
4379 INFO: Analyzing /home/saru/mklncher/.resources/MonkeyLauncherGUI.py
4414 INFO: Processing pre-safe-import-module hook 'hook-gi.py' from '/usr/lib/python3.14/site-packages/PyInstaller/hooks/pre_safe_import_module'
4510 INFO: Processing standard module hook 'hook-gi.py' from '/usr/lib/python3.14/site-packages/PyInstaller/hooks'
4591 INFO: Processing pre-safe-import-module hook 'hook-gi.overrides.py' from '/usr/lib/python3.14/site-packages/PyInstaller/hooks/pre_safe_import_module'
4679 INFO: Processing pre-safe-import-module hook 'hook-gi.repository.Gtk.py' from '/usr/lib/python3.14/site-packages/PyInstaller/hooks/pre_safe_import_module'
4679 INFO: Processing pre-safe-import-module hook 'hook-gi.repository.GLib.py' from '/usr/lib/python3.14/site-packages/PyInstaller/hooks/pre_safe_import_module'
4679 INFO: Processing pre-safe-import-module hook 'hook-gi.repository.Pango.py' from '/usr/lib/python3.14/site-packages/PyInstaller/hooks/pre_safe_import_module'
4679 INFO: Processing pre-safe-import-module hook 'hook-gi.repository.Gdk.py' from '/usr/lib/python3.14/site-packages/PyInstaller/hooks/pre_safe_import_module'
4680 INFO: Processing standard module hook 'hook-gi.repository.Gtk.py' from '/usr/lib/python3.14/site-packages/PyInstaller/hooks'
4680 INFO: Processing standard module hook 'hook-gi.repository.GLib.py' from '/usr/lib/python3.14/site-packages/PyInstaller/hooks'
4680 INFO: Processing standard module hook 'hook-gi.repository.Pango.py' from '/usr/lib/python3.14/site-packages/PyInstaller/hooks'
5039 INFO: Processing standard module hook 'hook-gi.repository.Gdk.py' from '/usr/lib/python3.14/site-packages/PyInstaller/hooks'
5040 INFO: Processing module hooks (post-graph stage)...
5045 INFO: Processing pre-safe-import-module hook 'hook-typing_extensions.py' from '/usr/lib/python3.14/site-packages/PyInstaller/hooks/pre_safe_import_module'
5047 INFO: SetuptoolsInfo: initializing cached setuptools info...
5507 INFO: Processing standard module hook 'hook-multiprocessing.util.py' from '/usr/lib/python3.14/site-packages/PyInstaller/hooks'
5584 INFO: Processing standard module hook 'hook-xml.py' from '/usr/lib/python3.14/site-packages/PyInstaller/hooks'
5816 INFO: Processing standard module hook 'hook-sysconfig.py' from '/usr/lib/python3.14/site-packages/PyInstaller/hooks'
5819 INFO: Processing standard module hook 'hook-_ctypes.py' from '/usr/lib/python3.14/site-packages/PyInstaller/hooks'
6171 WARNING: Hidden import "gi._option" not found!
6173 INFO: Processing standard module hook 'hook-gi.repository.GLib.py' from '/usr/lib/python3.14/site-packages/PyInstaller/hooks'
7114 INFO: Processing pre-safe-import-module hook 'hook-gi.repository.GLibUnix.py' from '/usr/lib/python3.14/site-packages/PyInstaller/hooks/pre_safe_import_module'
7114 INFO: Processing standard module hook 'hook-gi.repository.GLibUnix.py' from '/usr/lib/python3.14/site-packages/PyInstaller/hooks'
7413 INFO: Processing standard module hook 'hook-gi.repository.Gdk.py' from '/usr/lib/python3.14/site-packages/PyInstaller/hooks'
7793 INFO: Processing pre-safe-import-module hook 'hook-gi.repository.cairo.py' from '/usr/lib/python3.14/site-packages/PyInstaller/hooks/pre_safe_import_module'
7793 INFO: Processing standard module hook 'hook-gi.repository.cairo.py' from '/usr/lib/python3.14/site-packages/PyInstaller/hooks'
8156 INFO: Processing pre-safe-import-module hook 'hook-gi.repository.Gio.py' from '/usr/lib/python3.14/site-packages/PyInstaller/hooks/pre_safe_import_module'
8156 INFO: Processing standard module hook 'hook-gi.repository.Gio.py' from '/usr/lib/python3.14/site-packages/PyInstaller/hooks'
8441 INFO: Processing pre-safe-import-module hook 'hook-gi.repository.GdkPixbuf.py' from '/usr/lib/python3.14/site-packages/PyInstaller/hooks/pre_safe_import_module'
8442 INFO: Processing standard module hook 'hook-gi.repository.GdkPixbuf.py' from '/usr/lib/python3.14/site-packages/PyInstaller/hooks'
8855 INFO: Processing pre-safe-import-module hook 'hook-gi.repository.GModule.py' from '/usr/lib/python3.14/site-packages/PyInstaller/hooks/pre_safe_import_module'
8881 INFO: Processing pre-safe-import-module hook 'hook-gi.repository.GObject.py' from '/usr/lib/python3.14/site-packages/PyInstaller/hooks/pre_safe_import_module'
8881 INFO: Processing standard module hook 'hook-gi.repository.GObject.py' from '/usr/lib/python3.14/site-packages/PyInstaller/hooks'
9271 INFO: Processing pre-safe-import-module hook 'hook-gi.repository.GioUnix.py' from '/usr/lib/python3.14/site-packages/PyInstaller/hooks/pre_safe_import_module'
9271 INFO: Processing standard module hook 'hook-gi.repository.GioUnix.py' from '/usr/lib/python3.14/site-packages/PyInstaller/hooks'
9602 INFO: Processing standard module hook 'hook-gi.repository.Gtk.py' from '/usr/lib/python3.14/site-packages/PyInstaller/hooks'
11613 INFO: Processing pre-safe-import-module hook 'hook-gi.repository.xlib.py' from '/usr/lib/python3.14/site-packages/PyInstaller/hooks/pre_safe_import_module'
11613 INFO: Processing pre-safe-import-module hook 'hook-gi.repository.Atk.py' from '/usr/lib/python3.14/site-packages/PyInstaller/hooks/pre_safe_import_module'
11616 INFO: Processing pre-safe-import-module hook 'hook-gi.repository.HarfBuzz.py' from '/usr/lib/python3.14/site-packages/PyInstaller/hooks/pre_safe_import_module'
11617 INFO: Processing standard module hook 'hook-gi.repository.xlib.py' from '/usr/lib/python3.14/site-packages/PyInstaller/hooks'
12022 INFO: Processing standard module hook 'hook-gi.repository.Atk.py' from '/usr/lib/python3.14/site-packages/PyInstaller/hooks'
12322 INFO: Processing standard module hook 'hook-gi.repository.GModule.py' from '/usr/lib/python3.14/site-packages/PyInstaller/hooks'
12647 INFO: Processing standard module hook 'hook-gi.repository.HarfBuzz.py' from '/usr/lib/python3.14/site-packages/PyInstaller/hooks'
12937 INFO: Processing pre-safe-import-module hook 'hook-gi.repository.freetype2.py' from '/usr/lib/python3.14/site-packages/PyInstaller/hooks/pre_safe_import_module'
12938 INFO: Processing standard module hook 'hook-gi.repository.freetype2.py' from '/usr/lib/python3.14/site-packages/PyInstaller/hooks'
13601 INFO: Performing binary vs. data reclassification (44243 entries)
14018 INFO: Looking for ctypes DLLs
14023 INFO: Analyzing run-time hooks ...
14024 INFO: Including run-time hook 'pyi_rth_inspect.py' from '/usr/lib/python3.14/site-packages/PyInstaller/hooks/rthooks'
14026 INFO: Including run-time hook 'pyi_rth_gdkpixbuf.py' from '/usr/lib/python3.14/site-packages/PyInstaller/hooks/rthooks'
14027 INFO: Including run-time hook 'pyi_rth_pkgutil.py' from '/usr/lib/python3.14/site-packages/PyInstaller/hooks/rthooks'
14029 INFO: Including run-time hook 'pyi_rth_gio.py' from '/usr/lib/python3.14/site-packages/PyInstaller/hooks/rthooks'
14029 INFO: Including run-time hook 'pyi_rth_multiprocessing.py' from '/usr/lib/python3.14/site-packages/PyInstaller/hooks/rthooks'
14032 INFO: Including run-time hook 'pyi_rth_glib.py' from '/usr/lib/python3.14/site-packages/PyInstaller/hooks/rthooks'
14032 INFO: Including run-time hook 'pyi_rth_gtk.py' from '/usr/lib/python3.14/site-packages/PyInstaller/hooks/rthooks'
14033 INFO: Including run-time hook 'pyi_rth_gi.py' from '/usr/lib/python3.14/site-packages/PyInstaller/hooks/rthooks'
14516 INFO: Compiling collected GLib schema files in '/home/saru/mklncher/build/.pyinstaller_work/MonkeyLauncher/_pyi_gschema_compilation'...
14804 INFO: Creating base_library.zip...
14815 INFO: Looking for dynamic libraries
16918 INFO: Warnings written to /home/saru/mklncher/build/.pyinstaller_work/MonkeyLauncher/warn-MonkeyLauncher.txt
16927 INFO: Graph cross-reference written to /home/saru/mklncher/build/.pyinstaller_work/MonkeyLauncher/xref-MonkeyLauncher.html
17647 INFO: checking PYZ
17647 INFO: Building PYZ because PYZ-00.toc is non existent
17647 INFO: Building PYZ (ZlibArchive) /home/saru/mklncher/build/.pyinstaller_work/MonkeyLauncher/PYZ-00.pyz
17817 INFO: Building PYZ (ZlibArchive) /home/saru/mklncher/build/.pyinstaller_work/MonkeyLauncher/PYZ-00.pyz completed successfully.
18413 INFO: checking PKG
18413 INFO: Building PKG because PKG-00.toc is non existent
18413 INFO: Building PKG (CArchive) MonkeyLauncher.pkg
31578 INFO: Building PKG (CArchive) MonkeyLauncher.pkg completed successfully.
32053 INFO: Bootloader /usr/lib/python3.14/site-packages/PyInstaller/bootloader/Linux-64bit-intel/run
32053 INFO: checking EXE
32053 INFO: Building EXE because EXE-00.toc is non existent
32053 INFO: Building EXE from EXE-00.toc
32054 INFO: Copying bootloader EXE to /home/saru/mklncher/build/MonkeyLauncher
32054 INFO: Appending PKG archive to custom ELF section in EXE
32245 INFO: Building EXE from EXE-00.toc completed successfully.
32756 INFO: Build complete! The results are available in: /home/saru/mklncher/build
